<?xml version="1.0" encoding="UTF-8"?>
<testng-results ignored="0" total="1" passed="1" failed="0" skipped="0">
  <reporter-output>
    <line>
      <![CDATA[Launching & maximising browser]]>
    </line>
    <line>
      <![CDATA[Website launched]]>
    </line>
    <line>
      <![CDATA[Request submitted for registration]]>
    </line>
    <line>
      <![CDATA[Request submitted for registration]]>
    </line>
  </reporter-output>
  <suite started-at="2024-10-17T14:04:46 IST" name="Default suite" finished-at="2024-10-17T14:05:02 IST" duration-ms="15773">
    <groups>
    </groups>
    <test started-at="2024-10-17T14:04:46 IST" name="Default test" finished-at="2024-10-17T14:05:02 IST" duration-ms="15773">
      <class name="TestScripts.ValidationTest">
        <test-method signature="validationScript()[pri:0, instance:TestScripts.ValidationTest@62150f9e]" started-at="2024-10-17T14:04:46 IST" name="validationScript" finished-at="2024-10-17T14:05:02 IST" duration-ms="15712" status="PASS">
          <reporter-output>
            <line>
              <![CDATA[Launching & maximising browser]]>
            </line>
            <line>
              <![CDATA[Website launched]]>
            </line>
            <line>
              <![CDATA[Request submitted for registration]]>
            </line>
            <line>
              <![CDATA[Request submitted for registration]]>
            </line>
          </reporter-output>
        </test-method> <!-- validationScript -->
      </class> <!-- TestScripts.ValidationTest -->
    </test> <!-- Default test -->
  </suite> <!-- Default suite -->
</testng-results>
